2014-04-22 13:24:49,646 WARN org.apache.hadoop.util.NativeCodeLoader: Unable to load native-hadoop library for your platform... using builtin-java classes where applicable
2014-04-22 13:24:50,235 WARN org.apache.hadoop.conf.Configuration: session.id is deprecated. Instead, use dfs.metrics.session-id
2014-04-22 13:24:50,239 INFO org.apache.hadoop.metrics.jvm.JvmMetrics: Initializing JVM Metrics with processName=JobTracker, sessionId=
2014-04-22 13:24:50,323 WARN org.apache.hadoop.mapreduce.JobSubmitter: Use GenericOptionsParser for parsing the arguments. Applications should implement Tool for the same.
2014-04-22 13:24:50,338 WARN org.apache.hadoop.mapreduce.JobSubmitter: No job jar file set.  User classes may not be found. See Job or Job#setJar(String).
2014-04-22 13:24:50,352 INFO org.apache.hadoop.mapreduce.lib.input.FileInputFormat: Total input paths to process : 1
2014-04-22 13:24:50,485 INFO org.apache.hadoop.mapreduce.JobSubmitter: number of splits:1
2014-04-22 13:24:50,536 WARN org.apache.hadoop.conf.Configuration: mapred.output.value.class is deprecated. Instead, use mapreduce.job.output.value.class
2014-04-22 13:24:50,536 WARN org.apache.hadoop.conf.Configuration: mapred.output.key.comparator.class is deprecated. Instead, use mapreduce.job.output.key.comparator.class
2014-04-22 13:24:50,537 WARN org.apache.hadoop.conf.Configuration: mapred.mapoutput.value.class is deprecated. Instead, use mapreduce.map.output.value.class
2014-04-22 13:24:50,537 WARN org.apache.hadoop.conf.Configuration: mapreduce.map.class is deprecated. Instead, use mapreduce.job.map.class
2014-04-22 13:24:50,537 WARN org.apache.hadoop.conf.Configuration: mapred.job.name is deprecated. Instead, use mapreduce.job.name
2014-04-22 13:24:50,542 WARN org.apache.hadoop.conf.Configuration: mapred.output.value.groupfn.class is deprecated. Instead, use mapreduce.job.output.group.comparator.class
2014-04-22 13:24:50,543 WARN org.apache.hadoop.conf.Configuration: mapreduce.reduce.class is deprecated. Instead, use mapreduce.job.reduce.class
2014-04-22 13:24:50,543 WARN org.apache.hadoop.conf.Configuration: mapred.input.dir is deprecated. Instead, use mapreduce.input.fileinputformat.inputdir
2014-04-22 13:24:50,543 WARN org.apache.hadoop.conf.Configuration: mapred.output.dir is deprecated. Instead, use mapreduce.output.fileoutputformat.outputdir
2014-04-22 13:24:50,543 WARN org.apache.hadoop.conf.Configuration: mapred.map.tasks is deprecated. Instead, use mapreduce.job.maps
2014-04-22 13:24:50,544 WARN org.apache.hadoop.conf.Configuration: mapred.output.key.class is deprecated. Instead, use mapreduce.job.output.key.class
2014-04-22 13:24:50,544 WARN org.apache.hadoop.conf.Configuration: mapred.mapoutput.key.class is deprecated. Instead, use mapreduce.map.output.key.class
2014-04-22 13:24:50,544 WARN org.apache.hadoop.conf.Configuration: mapred.working.dir is deprecated. Instead, use mapreduce.job.working.dir
2014-04-22 13:24:50,946 INFO org.apache.hadoop.mapreduce.JobSubmitter: Submitting tokens for job: job_local1623291466_0001
2014-04-22 13:24:51,803 INFO org.apache.hadoop.mapreduce.Job: The url to track the job: http://localhost:8080/
2014-04-22 13:24:51,804 INFO org.apache.hadoop.mapreduce.Job: Running job: job_local1623291466_0001
2014-04-22 13:24:51,809 INFO org.apache.hadoop.mapred.LocalJobRunner: OutputCommitter set in config null
2014-04-22 13:24:51,840 INFO org.apache.hadoop.mapred.LocalJobRunner: OutputCommitter is org.apache.hadoop.mapreduce.lib.output.FileOutputCommitter
2014-04-22 13:24:51,863 INFO org.apache.hadoop.mapred.LocalJobRunner: Waiting for map tasks
2014-04-22 13:24:51,864 INFO org.apache.hadoop.mapred.LocalJobRunner: Starting task: attempt_local1623291466_0001_m_000000_0
2014-04-22 13:24:51,939 INFO org.apache.hadoop.mapred.Task:  Using ResourceCalculatorProcessTree : [ ]
2014-04-22 13:24:51,951 INFO org.apache.hadoop.mapred.MapTask: Processing split: file:/home/cloudera/MiniGoogle/WordIndexer/title.txt:0+63141
2014-04-22 13:24:51,976 INFO org.apache.hadoop.mapred.MapTask: Map output collector class = org.apache.hadoop.mapred.MapTask$MapOutputBuffer
2014-04-22 13:24:52,812 INFO org.apache.hadoop.mapreduce.Job: Job job_local1623291466_0001 running in uber mode : false
2014-04-22 13:24:52,868 INFO org.apache.hadoop.mapreduce.Job:  map 0% reduce 0%
2014-04-22 13:24:55,232 INFO org.apache.hadoop.mapred.MapTask: (EQUATOR) 0 kvi 26214396(104857584)
2014-04-22 13:24:55,232 INFO org.apache.hadoop.mapred.MapTask: mapreduce.task.io.sort.mb: 100
2014-04-22 13:24:55,232 INFO org.apache.hadoop.mapred.MapTask: soft limit at 83886080
2014-04-22 13:24:55,232 INFO org.apache.hadoop.mapred.MapTask: bufstart = 0; bufvoid = 104857600
2014-04-22 13:24:55,233 INFO org.apache.hadoop.mapred.MapTask: kvstart = 26214396; length = 6553600
2014-04-22 13:24:55,652 INFO org.apache.hadoop.mapred.LocalJobRunner: 
2014-04-22 13:24:55,652 INFO org.apache.hadoop.mapred.MapTask: Starting flush of map output
2014-04-22 13:24:55,652 INFO org.apache.hadoop.mapred.MapTask: Spilling map output
2014-04-22 13:24:55,652 INFO org.apache.hadoop.mapred.MapTask: bufstart = 0; bufend = 470775; bufvoid = 104857600
2014-04-22 13:24:55,653 INFO org.apache.hadoop.mapred.MapTask: kvstart = 26214396(104857584); kvend = 26202244(104808976); length = 12153/6553600
2014-04-22 13:24:55,876 INFO org.apache.hadoop.mapred.MapTask: Finished spill 0
2014-04-22 13:24:55,884 INFO org.apache.hadoop.mapred.Task: Task:attempt_local1623291466_0001_m_000000_0 is done. And is in the process of committing
2014-04-22 13:24:55,892 INFO org.apache.hadoop.mapred.LocalJobRunner: map
2014-04-22 13:24:55,892 INFO org.apache.hadoop.mapred.Task: Task 'attempt_local1623291466_0001_m_000000_0' done.
2014-04-22 13:24:55,892 INFO org.apache.hadoop.mapred.LocalJobRunner: Finishing task: attempt_local1623291466_0001_m_000000_0
2014-04-22 13:24:55,892 INFO org.apache.hadoop.mapred.LocalJobRunner: Map task executor complete.
2014-04-22 13:24:55,907 INFO org.apache.hadoop.mapred.Task:  Using ResourceCalculatorProcessTree : [ ]
2014-04-22 13:24:55,911 INFO org.apache.hadoop.mapred.Merger: Merging 1 sorted segments
2014-04-22 13:24:55,917 INFO org.apache.hadoop.mapred.Merger: Down to the last merge-pass, with 1 segments left of total size: 477256 bytes
2014-04-22 13:24:55,917 INFO org.apache.hadoop.mapred.LocalJobRunner: 
2014-04-22 13:24:55,924 WARN org.apache.hadoop.conf.Configuration: mapred.skip.on is deprecated. Instead, use mapreduce.job.skiprecords
2014-04-22 13:24:56,880 INFO org.apache.hadoop.mapreduce.Job:  map 100% reduce 0%
2014-04-22 13:24:56,934 INFO org.apache.hadoop.mapred.Task: Task:attempt_local1623291466_0001_r_000000_0 is done. And is in the process of committing
2014-04-22 13:24:56,935 INFO org.apache.hadoop.mapred.LocalJobRunner: 
2014-04-22 13:24:56,935 INFO org.apache.hadoop.mapred.Task: Task attempt_local1623291466_0001_r_000000_0 is allowed to commit now
2014-04-22 13:24:56,936 INFO org.apache.hadoop.mapreduce.lib.output.FileOutputCommitter: Saved output of task 'attempt_local1623291466_0001_r_000000_0' to file:/home/cloudera/MiniGoogle/WordIndexer/tt_out/_temporary/0/task_local1623291466_0001_r_000000
2014-04-22 13:24:56,936 INFO org.apache.hadoop.mapred.LocalJobRunner: reduce > reduce
2014-04-22 13:24:56,936 INFO org.apache.hadoop.mapred.Task: Task 'attempt_local1623291466_0001_r_000000_0' done.
2014-04-22 13:24:57,881 INFO org.apache.hadoop.mapreduce.Job:  map 100% reduce 100%
2014-04-22 13:24:57,882 INFO org.apache.hadoop.mapreduce.Job: Job job_local1623291466_0001 completed successfully
2014-04-22 13:24:57,965 INFO org.apache.hadoop.mapreduce.Job: Counters: 27
	File System Counters
		FILE: Number of bytes read=603942
		FILE: Number of bytes written=1588250
		FILE: Number of read operations=0
		FILE: Number of large read operations=0
		FILE: Number of write operations=0
	Map-Reduce Framework
		Map input records=600
		Map output records=3039
		Map output bytes=470775
		Map output materialized bytes=477314
		Input split bytes=117
		Combine input records=0
		Combine output records=0
		Reduce input groups=919
		Reduce shuffle bytes=0
		Reduce input records=3039
		Reduce output records=2978
		Spilled Records=6078
		Shuffled Maps =0
		Failed Shuffles=0
		Merged Map outputs=0
		GC time elapsed (ms)=185
		CPU time spent (ms)=0
		Physical memory (bytes) snapshot=0
		Virtual memory (bytes) snapshot=0
		Total committed heap usage (bytes)=331227136
	File Input Format Counters 
		Bytes Read=63141
	File Output Format Counters 
		Bytes Written=289472
