http://anime.stackexchange.com/questions/8851/which-character-has-the-most-deaths-to-his-her-name	0.16429525133715878
http://apple.stackexchange.com/	0.16429525133715878
http://area51.stackexchange.com/	0.16429525133715878
http://aviation.stackexchange.com/questions/3559/reasons-for-using-ils-approach-on-a-clear-day	0.16429525133715878
http://christianity.stackexchange.com/	0.16429525133715878
http://creativecommons.org/licenses/by-sa/3.0/	0.16429525133715878
http://dba.stackexchange.com/	0.16429525133715878
http://drupal.stackexchange.com/	0.16429525133715878
http://electronics.stackexchange.com/	0.16429525133715878
http://electronics.stackexchange.com/questions/107655/is-my-phone-battery-better-more-capacitative-than-my-laptop-battery	0.16429525133715878
http://global.upenn.edu/	0.18941890461282923
http://graphicdesign.stackexchange.com/	0.16429525133715878
http://hbasecon.com/	0.1814374880630396
http://java.com/en/download/index.jsp	0.16240487936738746
http://math.stackexchange.com/	0.16429525133715878
http://math.stackexchange.com/questions/765757/is-the-determinant-differentiable	0.16429525133715878
http://mathematica.stackexchange.com/	0.16429525133715878
http://mathematica.stackexchange.com/questions/46631/detecting-patterns-of-black-and-white-stones-on-a-2d-board	0.16429525133715878
http://meta.stackexchange.com/	0.16429525133715878
http://meta.stackoverflow.com/	0.16429525133715878
http://rpg.stackexchange.com/	0.16429525133715878
http://serverfault.com/	0.16429525133715878
http://sharepoint.stackexchange.com/	0.16429525133715878
http://stackexchange.com/	0.16429525133715878
http://stackexchange.com/about/hiring	0.16429525133715878
http://stackexchange.com/legal	0.16429525133715878
http://stackexchange.com/legal/privacy-policy	0.16429525133715878
http://stackexchange.com/questions?tab=hot	0.16429525133715878
http://stackexchange.com/sites	0.16429525133715878
http://stackoverflow.com/	0.16240487936738746
http://stackoverflow.com/?tab=featured	0.16429525133715878
http://stackoverflow.com/?tab=hot	0.16429525133715878
http://stackoverflow.com/?tab=interesting	0.16429525133715878
http://stackoverflow.com/?tab=month	0.16429525133715878
http://stackoverflow.com/?tab=week	0.16429525133715878
http://stackoverflow.com/about	0.16429525133715878
http://stackoverflow.com/contact	0.16429525133715878
http://stackoverflow.com/help/badges	0.16429525133715878
http://stackoverflow.com/questions	0.16429525133715878
http://stackoverflow.com/questions/21424298/getting-image-attachments-in-flexslider-for-wordpress	0.16429525133715878
http://stackoverflow.com/questions/22617667/how-to-implement-sizzles-gt-filter-in-vanilla-javascript	0.16429525133715878
http://stackoverflow.com/questions/23223710/how-do-i-copy-a-ocaml-closure	0.16429525133715878
http://stackoverflow.com/questions/23240192/convert-image-with-text-to-pdf-word-format	0.16429525133715878
http://stackoverflow.com/questions/23240504/understanding-coordinate-scaling-and-viewbox-in-a-pyqt-svg-javascript-project	0.16429525133715878
http://stackoverflow.com/questions/23243532/how-programatically-get-linux-processs-stack-start-and-end-address	0.16429525133715878
http://stackoverflow.com/questions/23244816/minimizing-a-multivariate-differentiable-function-using-scipy-optimize	0.16429525133715878
http://stackoverflow.com/questions/23245386/how-does-memory-allocation-of-an-arraylist-work	0.16429525133715878
http://stackoverflow.com/questions/23249772/using-curllib-to-send-data-to-server	0.16429525133715878
http://stackoverflow.com/questions/23249787/problems-with-tcp-hole-punching	0.16429525133715878
http://stackoverflow.com/questions/23250855/should-operating-systems-hide-sizes-of-files-folders-the-user-is-denied-access-t	0.16429525133715878
http://stackoverflow.com/questions/23251759/how-to-determine-what-is-the-probability-distribution-function-from-a-numpy-arra	0.16429525133715878
http://stackoverflow.com/questions/23252141/context-sensitive-and-turing-complete-formal-languages	0.16429525133715878
http://stackoverflow.com/questions/23252434/printing-long-values-with-tostring-in-java	0.16429525133715878
http://stackoverflow.com/questions/23252805/why-is-requirejs-respecting-the-data-main-entry-point-for-some-modules-but-not	0.16429525133715878
http://stackoverflow.com/questions/23252903/pg-dump-vs-copy-select-from-my-table	0.16429525133715878
http://stackoverflow.com/questions/23252928/getting-error-while-sending-email-in-html-using-php	0.16429525133715878
http://stackoverflow.com/questions/23252974/java-net-socketexception-too-many-open-files-spring-hibernate-tomcat	0.16429525133715878
http://stackoverflow.com/questions/23252999/what-is-the-preferred-way-to-do-a-destination-bridge-featuring-message-selecto	0.16429525133715878
http://stackoverflow.com/questions/23253102/getting-brightness-from-the-camera	0.16429525133715878
http://stackoverflow.com/questions/23253196/fusion-binding-post-policy-ignoring-bindingredirect	0.16429525133715878
http://stackoverflow.com/questions/23253241/create-postgresql-9-3-index-on-json-column-through-python-django-south	0.16429525133715878
http://stackoverflow.com/questions/23253280/android-widgets-w-adapterviewflipper-pending-intent-template-does-not-get-fil	0.16429525133715878
http://stackoverflow.com/questions/23253307/how-to-add-quantites-from-different-fields	0.16429525133715878
http://stackoverflow.com/questions/23253388/googleauthioexception-using-blogger-v3-api-on-android	0.16429525133715878
http://stackoverflow.com/questions/23253418/python-mysql-returning-table-data-only-shows-everything-on-one-line	0.16429525133715878
http://stackoverflow.com/questions/23253469/trigger-computed-to-be-recalculated-when-observablearray-element-property-is-cha	0.16429525133715878
http://stackoverflow.com/questions/23253572/use-method-from-another-class	0.16429525133715878
http://stackoverflow.com/questions/23253587/are-most-if-not-all-audio-endpoints-pcm	0.16429525133715878
http://stackoverflow.com/questions/23253591/how-to-check-if-defined-event-exists-in-javascript	0.16429525133715878
http://stackoverflow.com/questions/23253599/how-do-you-get-the-correct-vector-from-the-dft-matrix	0.16429525133715878
http://stackoverflow.com/questions/23253609/limiting-dropdown-options-based-on-userid	0.16429525133715878
http://stackoverflow.com/questions/23253641/is-it-possible-to-do-an-eloquent-subquery-with-a-models-scope	0.16429525133715878
http://stackoverflow.com/questions/23253683/mrjob-run-shell-script-in-mapper	0.16429525133715878
http://stackoverflow.com/questions/23253685/prevent-emacs-from-modifying-the-os-x-clipboard	0.16429525133715878
http://stackoverflow.com/questions/23253693/basic-url-structure-to-call-vimeo-api	0.16429525133715878
http://stackoverflow.com/questions/23253695/how-can-i-conditionally-swap-two-lines-with-sed-or-other-linux-tool	0.16429525133715878
http://stackoverflow.com/questions/23253696/detect-application-mode-dev-test-prod-during-build-in-play-framework-2-x-app	0.16429525133715878
http://stackoverflow.com/questions/23253734/how-do-i-populate-a-spinner-with-a-list-of-objects-and-not-just-strings	0.16429525133715878
http://stackoverflow.com/questions/23253741/hiding-the-header-in-reportviewer-when-we-export-to-excel-in-asp-net	0.16429525133715878
http://stackoverflow.com/questions/23253752/hg-merge-outstanding-uncommited-changes	0.16429525133715878
http://stackoverflow.com/questions/23253756/generate-arguments-for-scatter3-from-volumetric-data-in-matlab	0.16429525133715878
http://stackoverflow.com/questions/23253760/using-minor-upgrade-to-deliver-a-few-new-files	0.16429525133715878
http://stackoverflow.com/questions/23253768/vhdl-unsigned-vector-vs-integer-comparison	0.16429525133715878
http://stackoverflow.com/questions/23253770/how-to-enable-pdo-for-a-server	0.16429525133715878
http://stackoverflow.com/questions/23253774/filling-out-some-google-form-answers-with-info-collected-apps-script	0.16429525133715878
http://stackoverflow.com/questions/23253777/how-get-a-route-by-controller-name-in-zf2	0.16429525133715878
http://stackoverflow.com/questions/23253779/bit-vector-operations-and-endianess	0.16429525133715878
http://stackoverflow.com/questions/23253785/how-to-configure-eclipse-so-that-it-debugs-a-program-using-windows-separate-cons	0.16429525133715878
http://stackoverflow.com/questions/23253788/memory-leak-with-curl-and-openssl	0.16429525133715878
http://stackoverflow.com/questions/23253801/redirect-all-output-of-stopped-and-resumed-command-to-file-or-block-device	0.16429525133715878
http://stackoverflow.com/questions/23253815/wordpress-3-9-upgrade-fails	0.16429525133715878
http://stackoverflow.com/questions/23253816/how-to-integrate-hadoop-cluster-with-application-server	0.16429525133715878
http://stackoverflow.com/questions/23253829/is-a-themed-main-menu-with-icons-possible-in-delphi	0.16429525133715878
http://stackoverflow.com/questions/23253830/line-chart-with-progressbar	0.16429525133715878
http://stackoverflow.com/questions/23253833/test-the-independet-in-big-matrix	0.16429525133715878
http://stackoverflow.com/questions/23253835/using-web-config-transformations-in-vs2013-with-microsoft-azure	0.16429525133715878
http://stackoverflow.com/questions/23253837/what-is-the-frame-rate-and-speed-function-for-animatewithduration	0.16429525133715878
http://stackoverflow.com/questions/23253848/session-cannot-be-resolved-to-a-type-for-sending-mail-via-jsp	0.16429525133715878
http://stackoverflow.com/questions/23253852/from-3d-to-2d-sprite-sheet	0.16429525133715878
http://stackoverflow.com/questions/23253856/how-to-route-to-a-laravel-controllers-method	0.16429525133715878
http://stackoverflow.com/questions/23253861/cannot-read-my-websocket-packets	0.16429525133715878
http://stackoverflow.com/questions/23253862/centos-6-5-mono-3-2-8-warning-libmonoposixhelper-so	0.16429525133715878
http://stackoverflow.com/questions/23253864/exception-while-adding-a-an-object-to-a-parse-com-class	0.16429525133715878
http://stackoverflow.com/questions/23253865/git-how-to-edit-old-commit-with-multiple-descendant-branches	0.16429525133715878
http://stackoverflow.com/questions/23253867/gdi-object-leak-when-calling-richtextbox-scrolltocaret-before-calling-treeview	0.16429525133715878
http://stackoverflow.com/questions/23253870/using-two-xvaluemembers	0.16429525133715878
http://stackoverflow.com/questions/23253872/module-only-scope-in-node-js	0.16429525133715878
http://stackoverflow.com/questions/23253880/symfony-form-createview-causes-error-code-err-empty-response-in-browser	0.16429525133715878
http://stackoverflow.com/questions/23253881/entityframework-multiple-navigationproperties-to-the-same-table	0.16429525133715878
http://stackoverflow.com/questions/23253883/angularjs-directive-to-present-html-and-ng-markup-stored-in-scope-model	0.16429525133715878
http://stackoverflow.com/questions/23253888/library-for-parsing-bibtex	0.16429525133715878
http://stackoverflow.com/questions/23253896/how-would-one-request-an-oauth-token-using-the-consumer-key-and-secret-without	0.16429525133715878
http://stackoverflow.com/questions/23253899/how-to-display-tabular-data-as-column-instead-of-individual-rows	0.16429525133715878
http://stackoverflow.com/questions/23253902/503-error-url-in-node-angularjs-and-mongoose-app	0.16429525133715878
http://stackoverflow.com/questions/23253905/selecting-different-views-from-a-sharepoint-library	0.16429525133715878
http://stackoverflow.com/questions/23253908/cmd-check-errors	0.5812445900848277
http://stackoverflow.com/questions/23253910/button-position-follow-background-scalling	0.16429525133715878
http://stackoverflow.com/questions/23253915/html-for-mail-app-vs-gmail-app	0.16429525133715878
http://stackoverflow.com/questions/23253916/is-it-possible-to-configure-logback-logger-levels-on-the-command-line	0.16429525133715878
http://stackoverflow.com/questions/23253921/pke-keys-vs-digital-certificates	0.16429525133715878
http://stackoverflow.com/questions/23253923/variable-width-title-uinavigationcontroller	0.16429525133715878
http://stackoverflow.com/questions/23253941/unit-testing-dependency-injection	0.5812445900848277
http://stackoverflow.com/questions/23253945/symfony2-enable-absolute-path-to-a-folder-i-am-getting-as-such-route-does	0.16429525133715878
http://stackoverflow.com/questions/23253946/how-to-get-field-options-from-acf	0.16429525133715878
http://stackoverflow.com/questions/23253948/duplicate-key-error-on-insert-into-in-access-2007	0.16429525133715878
http://stackoverflow.com/questions/23253951/django-south-and-pinry-problems	0.16429525133715878
http://stackoverflow.com/questions/23253952/how-do-youshow-remote-images-using-titanium-media-openphotogallery	0.16429525133715878
http://stackoverflow.com/questions/23253955/highcharts-include-multiple-charts-in-foreach	0.16429525133715878
http://stackoverflow.com/questions/23253957/rapidweaver-5-with-php-api	0.16429525133715878
http://stackoverflow.com/questions/tagged/.htaccess	0.16429525133715878
http://stackoverflow.com/questions/tagged/3d	0.16429525133715878
http://stackoverflow.com/questions/tagged/absolute	0.16429525133715878
http://stackoverflow.com/questions/tagged/acf	0.16429525133715878
http://stackoverflow.com/questions/tagged/addeventlistener	0.16429525133715878
http://stackoverflow.com/questions/tagged/ajax	0.16429525133715878
http://stackoverflow.com/questions/tagged/android	0.16429525133715878
http://stackoverflow.com/questions/tagged/android-intent	0.16429525133715878
http://stackoverflow.com/questions/tagged/android-layout	0.16429525133715878
http://stackoverflow.com/questions/tagged/android-spinner	0.16429525133715878
http://stackoverflow.com/questions/tagged/android-widget	0.16429525133715878
http://stackoverflow.com/questions/tagged/angularjs	0.16429525133715878
http://stackoverflow.com/questions/tagged/angularjs-directive	0.16429525133715878
http://stackoverflow.com/questions/tagged/animatewithduration	0.16429525133715878
http://stackoverflow.com/questions/tagged/animation	0.16429525133715878
http://stackoverflow.com/questions/tagged/api	0.16429525133715878
http://stackoverflow.com/questions/tagged/arraylist	0.16429525133715878
http://stackoverflow.com/questions/tagged/asp.net	0.16429525133715878
http://stackoverflow.com/questions/tagged/asp.net-mvc	0.16429525133715878
http://stackoverflow.com/questions/tagged/assembly-binding-redirect	0.16429525133715878
http://stackoverflow.com/questions/tagged/assetic	0.16429525133715878
http://stackoverflow.com/questions/tagged/audio	0.16429525133715878
http://stackoverflow.com/questions/tagged/azure	0.16429525133715878
http://stackoverflow.com/questions/tagged/backend	0.16429525133715878
http://stackoverflow.com/questions/tagged/bash	0.16429525133715878
http://stackoverflow.com/questions/tagged/basic-authentication	0.16429525133715878
http://stackoverflow.com/questions/tagged/bibtex	0.16429525133715878
http://stackoverflow.com/questions/tagged/bit-manipulation	0.16429525133715878
http://stackoverflow.com/questions/tagged/bitvector	0.16429525133715878
http://stackoverflow.com/questions/tagged/block-device	0.16429525133715878
http://stackoverflow.com/questions/tagged/c	0.16429525133715878
http://stackoverflow.com/questions/tagged/charts	0.16429525133715878
http://stackoverflow.com/questions/tagged/chi-squared	0.16429525133715878
http://stackoverflow.com/questions/tagged/client	0.16429525133715878
http://stackoverflow.com/questions/tagged/closures	0.16429525133715878
http://stackoverflow.com/questions/tagged/compare	0.16429525133715878
http://stackoverflow.com/questions/tagged/config	0.16429525133715878
http://stackoverflow.com/questions/tagged/console	0.16429525133715878
http://stackoverflow.com/questions/tagged/context-sensitive-grammar	0.16429525133715878
http://stackoverflow.com/questions/tagged/controller	0.16429525133715878
http://stackoverflow.com/questions/tagged/coordinate-systems	0.16429525133715878
http://stackoverflow.com/questions/tagged/css	0.16429525133715878
http://stackoverflow.com/questions/tagged/curl	0.16429525133715878
http://stackoverflow.com/questions/tagged/database	0.16429525133715878
http://stackoverflow.com/questions/tagged/delphi	0.16429525133715878
http://stackoverflow.com/questions/tagged/delphi-7	0.16429525133715878
http://stackoverflow.com/questions/tagged/device	0.16429525133715878
http://stackoverflow.com/questions/tagged/dft	0.16429525133715878
http://stackoverflow.com/questions/tagged/digital-certificate	0.16429525133715878
http://stackoverflow.com/questions/tagged/django	0.16429525133715878
http://stackoverflow.com/questions/tagged/django-south	0.16429525133715878
http://stackoverflow.com/questions/tagged/eclipse	0.16429525133715878
http://stackoverflow.com/questions/tagged/eloquent	0.16429525133715878
http://stackoverflow.com/questions/tagged/emacs	0.16429525133715878
http://stackoverflow.com/questions/tagged/email	0.16429525133715878
http://stackoverflow.com/questions/tagged/endianness	0.16429525133715878
http://stackoverflow.com/questions/tagged/entity-framework	0.16429525133715878
http://stackoverflow.com/questions/tagged/events	0.16429525133715878
http://stackoverflow.com/questions/tagged/ext.net	0.16429525133715878
http://stackoverflow.com/questions/tagged/fft	0.16429525133715878
http://stackoverflow.com/questions/tagged/file	0.16429525133715878
http://stackoverflow.com/questions/tagged/file-permissions	0.16429525133715878
http://stackoverflow.com/questions/tagged/filemaker	0.16429525133715878
http://stackoverflow.com/questions/tagged/filesize	0.16429525133715878
http://stackoverflow.com/questions/tagged/formal-languages	0.16429525133715878
http://stackoverflow.com/questions/tagged/frame-rate	0.16429525133715878
http://stackoverflow.com/questions/tagged/fusion	0.16429525133715878
http://stackoverflow.com/questions/tagged/gdi	0.16429525133715878
http://stackoverflow.com/questions/tagged/git	0.16429525133715878
http://stackoverflow.com/questions/tagged/git-rebase	0.16429525133715878
http://stackoverflow.com/questions/tagged/git-rewrite-history	0.16429525133715878
http://stackoverflow.com/questions/tagged/globals	0.16429525133715878
http://stackoverflow.com/questions/tagged/gmail	0.16429525133715878
http://stackoverflow.com/questions/tagged/google-apps-script	0.16429525133715878
http://stackoverflow.com/questions/tagged/google-form	0.16429525133715878
http://stackoverflow.com/questions/tagged/google-spreadsheet	0.16429525133715878
http://stackoverflow.com/questions/tagged/hadoop	0.16429525133715878
http://stackoverflow.com/questions/tagged/hadoop-streaming	0.16429525133715878
http://stackoverflow.com/questions/tagged/hbase	0.16429525133715878
http://stackoverflow.com/questions/tagged/hibernate	0.16429525133715878
http://stackoverflow.com/questions/tagged/highcharts	0.16429525133715878
http://stackoverflow.com/questions/tagged/hole-punching	0.16429525133715878
http://stackoverflow.com/questions/tagged/html	0.16429525133715878
http://stackoverflow.com/questions/tagged/http	0.16429525133715878
http://stackoverflow.com/questions/tagged/https	0.16429525133715878
http://stackoverflow.com/questions/tagged/icons	0.16429525133715878
http://stackoverflow.com/questions/tagged/ide	0.16429525133715878
http://stackoverflow.com/questions/tagged/image-processing	0.16429525133715878
http://stackoverflow.com/questions/tagged/integration	0.16429525133715878
http://stackoverflow.com/questions/tagged/ios	0.16429525133715878
http://stackoverflow.com/questions/tagged/ios7	0.16429525133715878
http://stackoverflow.com/questions/tagged/iphone	0.16429525133715878
http://stackoverflow.com/questions/tagged/jasmine	0.16429525133715878
http://stackoverflow.com/questions/tagged/java	0.16429525133715878
http://stackoverflow.com/questions/tagged/javafx	0.16429525133715878
http://stackoverflow.com/questions/tagged/javafx-2	0.16429525133715878
http://stackoverflow.com/questions/tagged/javafx-8	0.16429525133715878
http://stackoverflow.com/questions/tagged/javascript	0.16429525133715878
http://stackoverflow.com/questions/tagged/jquery	0.16429525133715878
http://stackoverflow.com/questions/tagged/json	0.16429525133715878
http://stackoverflow.com/questions/tagged/jsp	0.16429525133715878
http://stackoverflow.com/questions/tagged/karma-runner	0.16429525133715878
http://stackoverflow.com/questions/tagged/knockout.js	0.16429525133715878
http://stackoverflow.com/questions/tagged/laravel	0.16429525133715878
http://stackoverflow.com/questions/tagged/laravel-4	0.16429525133715878
http://stackoverflow.com/questions/tagged/latex	0.16429525133715878
http://stackoverflow.com/questions/tagged/linq	0.16429525133715878
http://stackoverflow.com/questions/tagged/linux	0.16429525133715878
http://stackoverflow.com/questions/tagged/linux-kernel	0.16429525133715878
http://stackoverflow.com/questions/tagged/log4j	0.16429525133715878
http://stackoverflow.com/questions/tagged/logback	0.16429525133715878
http://stackoverflow.com/questions/tagged/logging	0.16429525133715878
http://stackoverflow.com/questions/tagged/long-integer	0.16429525133715878
http://stackoverflow.com/questions/tagged/magento	0.16429525133715878
http://stackoverflow.com/questions/tagged/math	0.16429525133715878
http://stackoverflow.com/questions/tagged/mathematical-optimization	0.16429525133715878
http://stackoverflow.com/questions/tagged/matlab	0.16429525133715878
http://stackoverflow.com/questions/tagged/memory-leaks	0.16429525133715878
http://stackoverflow.com/questions/tagged/menu	0.16429525133715878
http://stackoverflow.com/questions/tagged/mercurial	0.16429525133715878
http://stackoverflow.com/questions/tagged/merge	0.16429525133715878
http://stackoverflow.com/questions/tagged/methods	0.16429525133715878
http://stackoverflow.com/questions/tagged/mongoose	0.16429525133715878
http://stackoverflow.com/questions/tagged/mono	0.16429525133715878
http://stackoverflow.com/questions/tagged/mrjob	0.16429525133715878
http://stackoverflow.com/questions/tagged/ms-access-2007	0.16429525133715878
http://stackoverflow.com/questions/tagged/ms-word	0.16429525133715878
http://stackoverflow.com/questions/tagged/mysql	0.16429525133715878
http://stackoverflow.com/questions/tagged/mysqli	0.16429525133715878
http://stackoverflow.com/questions/tagged/newsletter	0.16429525133715878
http://stackoverflow.com/questions/tagged/nginx	0.16429525133715878
http://stackoverflow.com/questions/tagged/node.js	0.16429525133715878
http://stackoverflow.com/questions/tagged/nuget	0.16429525133715878
http://stackoverflow.com/questions/tagged/nuget-package-restore	0.16429525133715878
http://stackoverflow.com/questions/tagged/numpy	0.16429525133715878
http://stackoverflow.com/questions/tagged/oauth	0.16429525133715878
http://stackoverflow.com/questions/tagged/objective-c	0.16429525133715878
http://stackoverflow.com/questions/tagged/ocaml	0.16429525133715878
http://stackoverflow.com/questions/tagged/oop	0.16429525133715878
http://stackoverflow.com/questions/tagged/openssl	0.16429525133715878
http://stackoverflow.com/questions/tagged/operating-system	0.16429525133715878
http://stackoverflow.com/questions/tagged/osx	0.16429525133715878
http://stackoverflow.com/questions/tagged/parse.com	0.16429525133715878
http://stackoverflow.com/questions/tagged/parsing	0.16429525133715878
http://stackoverflow.com/questions/tagged/path	0.16429525133715878
http://stackoverflow.com/questions/tagged/pcm	0.16429525133715878
http://stackoverflow.com/questions/tagged/pdf	0.16429525133715878
http://stackoverflow.com/questions/tagged/pdo	0.16429525133715878
http://stackoverflow.com/questions/tagged/permission-denied	0.16429525133715878
http://stackoverflow.com/questions/tagged/permissions	0.16429525133715878
http://stackoverflow.com/questions/tagged/pg-dump	0.16429525133715878
http://stackoverflow.com/questions/tagged/php	0.16429525133715878
http://stackoverflow.com/questions/tagged/pipes	0.16429525133715878
http://stackoverflow.com/questions/tagged/playframework	0.16429525133715878
http://stackoverflow.com/questions/tagged/playframework-2.2	0.16429525133715878
http://stackoverflow.com/questions/tagged/position	0.16429525133715878
http://stackoverflow.com/questions/tagged/postgresql	0.16429525133715878
http://stackoverflow.com/questions/tagged/postgresql-9.0	0.16429525133715878
http://stackoverflow.com/questions/tagged/public-key-encryption	0.16429525133715878
http://stackoverflow.com/questions/tagged/pyqt	0.16429525133715878
http://stackoverflow.com/questions/tagged/python	0.16429525133715878
http://stackoverflow.com/questions/tagged/r	0.16429525133715878
http://stackoverflow.com/questions/tagged/reporting-services	0.16429525133715878
http://stackoverflow.com/questions/tagged/reportviewer	0.16429525133715878
http://stackoverflow.com/questions/tagged/requirejs	0.16429525133715878
http://stackoverflow.com/questions/tagged/rest	0.16429525133715878
http://stackoverflow.com/questions/tagged/return	0.16429525133715878
http://stackoverflow.com/questions/tagged/routing	0.16429525133715878
http://stackoverflow.com/questions/tagged/sbt	0.16429525133715878
http://stackoverflow.com/questions/tagged/scala	0.16429525133715878
http://stackoverflow.com/questions/tagged/scale	0.16429525133715878
http://stackoverflow.com/questions/tagged/scipy	0.16429525133715878
http://stackoverflow.com/questions/tagged/scope	0.16429525133715878
http://stackoverflow.com/questions/tagged/sed	0.16429525133715878
http://stackoverflow.com/questions/tagged/session	0.16429525133715878
http://stackoverflow.com/questions/tagged/sharepoint	0.16429525133715878
http://stackoverflow.com/questions/tagged/sharepoint-2010	0.16429525133715878
http://stackoverflow.com/questions/tagged/signalr	0.16429525133715878
http://stackoverflow.com/questions/tagged/smtp	0.16429525133715878
http://stackoverflow.com/questions/tagged/sockets	0.16429525133715878
http://stackoverflow.com/questions/tagged/spring	0.16429525133715878
http://stackoverflow.com/questions/tagged/sprite	0.16429525133715878
http://stackoverflow.com/questions/tagged/sprite-sheet	0.16429525133715878
http://stackoverflow.com/questions/tagged/sprites	0.16429525133715878
http://stackoverflow.com/questions/tagged/sql	0.16429525133715878
http://stackoverflow.com/questions/tagged/sql-insert	0.16429525133715878
http://stackoverflow.com/questions/tagged/sql-server	0.16429525133715878
http://stackoverflow.com/questions/tagged/sql-server-2008-r2	0.16429525133715878
http://stackoverflow.com/questions/tagged/sql-server-ce	0.16429525133715878
http://stackoverflow.com/questions/tagged/ssl	0.16429525133715878
http://stackoverflow.com/questions/tagged/statistics	0.16429525133715878
http://stackoverflow.com/questions/tagged/svg	0.16429525133715878
http://stackoverflow.com/questions/tagged/symfony2	0.16429525133715878
http://stackoverflow.com/questions/tagged/table	0.16429525133715878
http://stackoverflow.com/questions/tagged/tcp	0.16429525133715878
http://stackoverflow.com/questions/tagged/themes	0.16429525133715878
http://stackoverflow.com/questions/tagged/tibco	0.16429525133715878
http://stackoverflow.com/questions/tagged/tibco-ems	0.16429525133715878
http://stackoverflow.com/questions/tagged/titanium-alloy	0.16429525133715878
http://stackoverflow.com/questions/tagged/titanium-mobile	0.16429525133715878
http://stackoverflow.com/questions/tagged/titleview	0.16429525133715878
http://stackoverflow.com/questions/tagged/toeplitz	0.16429525133715878
http://stackoverflow.com/questions/tagged/tomcat	0.16429525133715878
http://stackoverflow.com/questions/tagged/tostring	0.16429525133715878
http://stackoverflow.com/questions/tagged/treeview	0.16429525133715878
http://stackoverflow.com/questions/tagged/uinavigationcontroller	0.16429525133715878
http://stackoverflow.com/questions/tagged/uiview	0.16429525133715878
http://stackoverflow.com/questions/tagged/unit-testing	0.16429525133715878
http://stackoverflow.com/questions/tagged/unsigned	0.16429525133715878
http://stackoverflow.com/questions/tagged/upgrade	0.16429525133715878
http://stackoverflow.com/questions/tagged/vhdl	0.16429525133715878
http://stackoverflow.com/questions/tagged/vimeo-api	0.16429525133715878
http://stackoverflow.com/questions/tagged/visual-studio-2013	0.16429525133715878
http://stackoverflow.com/questions/tagged/wasapi	0.16429525133715878
http://stackoverflow.com/questions/tagged/websocket	0.16429525133715878
http://stackoverflow.com/questions/tagged/websphere-mq	0.16429525133715878
http://stackoverflow.com/questions/tagged/width	0.16429525133715878
http://stackoverflow.com/questions/tagged/window	0.16429525133715878
http://stackoverflow.com/questions/tagged/windows	0.16429525133715878
http://stackoverflow.com/questions/tagged/windows-installer	0.16429525133715878
http://stackoverflow.com/questions/tagged/winforms	0.16429525133715878
http://stackoverflow.com/questions/tagged/wireshark	0.16429525133715878
http://stackoverflow.com/questions/tagged/wix	0.16429525133715878
http://stackoverflow.com/questions/tagged/wordpress	0.16429525133715878
http://stackoverflow.com/questions/tagged/xampp	0.16429525133715878
http://stackoverflow.com/questions/tagged/xcode5	0.16429525133715878
http://stackoverflow.com/questions/tagged/zend-framework2	0.16429525133715878
http://stackoverflow.com/tags	0.16429525133715878
http://stackoverflow.com/tour	0.16429525133715878
http://stackoverflow.com/unanswered	0.16429525133715878
http://stackoverflow.com/users/1007416/brett	0.16429525133715878
http://stackoverflow.com/users/1023966/michael-cordingley	0.16429525133715878
http://stackoverflow.com/users/1064169/martin-costello	0.16429525133715878
http://stackoverflow.com/users/1069473/bobo2000	0.16429525133715878
http://stackoverflow.com/users/1076479/gil-hamilton	0.16429525133715878
http://stackoverflow.com/users/1103606/peter-penzov	0.16429525133715878
http://stackoverflow.com/users/114805/brett-rigby	0.16429525133715878
http://stackoverflow.com/users/1177952/shapeare	0.16429525133715878
http://stackoverflow.com/users/124069/chase-florell	0.16429525133715878
http://stackoverflow.com/users/1257075/alex-g	0.16429525133715878
http://stackoverflow.com/users/1269946/peter-aron-zentai	0.16429525133715878
http://stackoverflow.com/users/1335189/jorge	0.16429525133715878
http://stackoverflow.com/users/1552005/jeff-lett	0.16429525133715878
http://stackoverflow.com/users/1657433/stockholmux	0.16429525133715878
http://stackoverflow.com/users/1797006/karl-richter	0.16429525133715878
http://stackoverflow.com/users/1803163/matthew-the-terrible	0.16429525133715878
http://stackoverflow.com/users/1830736/thirtythreeforty	0.16429525133715878
http://stackoverflow.com/users/1831740/fefe	0.16429525133715878
http://stackoverflow.com/users/1880789/user1880789	0.16429525133715878
http://stackoverflow.com/users/1902922/baihu	0.16429525133715878
http://stackoverflow.com/users/1995203/dennis-v	0.16429525133715878
http://stackoverflow.com/users/2014469/zaemz	0.16429525133715878
http://stackoverflow.com/users/2055617/user2055617	0.16429525133715878
http://stackoverflow.com/users/2057814/trysis	0.16429525133715878
http://stackoverflow.com/users/2062709/ghislaincote	0.16429525133715878
http://stackoverflow.com/users/2096775/phillipe-rosario	0.16429525133715878
http://stackoverflow.com/users/212570/ken-dunnington	0.16429525133715878
http://stackoverflow.com/users/2178213/mike-sinkula	0.16429525133715878
http://stackoverflow.com/users/2187119/lvitya	0.16429525133715878
http://stackoverflow.com/users/2229133/jedivader	0.16429525133715878
http://stackoverflow.com/users/2282826/anand	0.16429525133715878
http://stackoverflow.com/users/2285255/rsc	0.16429525133715878
http://stackoverflow.com/users/2331640/kanak-sony	0.16429525133715878
http://stackoverflow.com/users/2464848/jeebwise	0.16429525133715878
http://stackoverflow.com/users/2483038/blaz-sovdat	0.16429525133715878
http://stackoverflow.com/users/2497725/developeralways	0.16429525133715878
http://stackoverflow.com/users/2592657/joel	0.16429525133715878
http://stackoverflow.com/users/2683192/kathy-xx	0.16429525133715878
http://stackoverflow.com/users/2708927/talonx	0.16429525133715878
http://stackoverflow.com/users/2733782/joe-fitzgibbons	0.16429525133715878
http://stackoverflow.com/users/2785250/07gond	0.16429525133715878
http://stackoverflow.com/users/2794180/peterbjuhr	0.16429525133715878
http://stackoverflow.com/users/2864740/user2864740	0.16429525133715878
http://stackoverflow.com/users/3092052/barbara	0.16429525133715878
http://stackoverflow.com/users/3154153/dan-btp	0.16429525133715878
http://stackoverflow.com/users/3210941/user3210941	0.16429525133715878
http://stackoverflow.com/users/3234422/functionr	0.16429525133715878
http://stackoverflow.com/users/3313119/user3313119	0.16429525133715878
http://stackoverflow.com/users/333700/user333700	0.16429525133715878
http://stackoverflow.com/users/3356542/fru1tbat	0.16429525133715878
http://stackoverflow.com/users/3392874/tomasz	0.16429525133715878
http://stackoverflow.com/users/3443106/deuterium	0.16429525133715878
http://stackoverflow.com/users/3444777/rod-algonquin	0.16429525133715878
http://stackoverflow.com/users/3444944/user3444944	0.16429525133715878
http://stackoverflow.com/users/3478697/user3478697	0.16429525133715878
http://stackoverflow.com/users/3491043/user3491043	0.16429525133715878
http://stackoverflow.com/users/3526210/user3526210	0.16429525133715878
http://stackoverflow.com/users/3553714/user3553714	0.16429525133715878
http://stackoverflow.com/users/355761/joe-baltimore	0.16429525133715878
http://stackoverflow.com/users/3561404/zac	0.16429525133715878
http://stackoverflow.com/users/3561911/potter	0.16429525133715878
http://stackoverflow.com/users/3565235/user3565235	0.16429525133715878
http://stackoverflow.com/users/3566059/nicholas	0.16429525133715878
http://stackoverflow.com/users/3566075/jkbudha	1.000084300802268
http://stackoverflow.com/users/3566079/markjulie	0.16429525133715878
http://stackoverflow.com/users/3566090/user3566090	0.16429525133715878
http://stackoverflow.com/users/3566093/user3566093	0.16429525133715878
http://stackoverflow.com/users/3566105/user3566105	0.16429525133715878
http://stackoverflow.com/users/360903/ernest	0.16429525133715878
http://stackoverflow.com/users/391161/merlin2011	0.16429525133715878
http://stackoverflow.com/users/413494/fotanus	0.16429525133715878
http://stackoverflow.com/users/447387/daniel-ferreira-jorge	0.16429525133715878
http://stackoverflow.com/users/525576/john-riselvato	0.16429525133715878
http://stackoverflow.com/users/542019/david-delmonte	0.16429525133715878
http://stackoverflow.com/users/55201/jeremy	0.16429525133715878
http://stackoverflow.com/users/61625/astaar	0.16429525133715878
http://stackoverflow.com/users/71522/david-wolever	0.16429525133715878
http://stackoverflow.com/users/765298/losiowaty	0.16429525133715878
http://stackoverflow.com/users/783071/chris-maness	0.16429525133715878
http://stackoverflow.com/users/804707/the-puma	0.16429525133715878
http://stackoverflow.com/users/832621/saullo-castro	0.16429525133715878
http://stackoverflow.com/users/837722/sikni8	0.16429525133715878
http://stackoverflow.com/users/839798/bfancher	0.16429525133715878
http://stackoverflow.com/users/867621/user867621	0.16429525133715878
http://stackoverflow.com/users/872395/nemesv	0.16429525133715878
http://stackoverflow.com/users/8747/rob	0.16429525133715878
http://stackoverflow.com/users/880752/marsara9	0.16429525133715878
http://stackoverflow.com/users/931732/dre	0.16429525133715878
http://stackoverflow.com/users/936297/axl	0.16429525133715878
http://stackoverflow.com/users/967330/the-thom	0.16429525133715878
http://stackoverflow.com/users?tab=reputation&filter=all	0.16240487936738746
http://webmasters.stackexchange.com/	0.16429525133715878
http://www.apache.org/	0.1814374880630396
http://www.cloudera.com/content/cloudera/en/about.html	0.1814374880630396
http://www.cloudera.com/content/cloudera/en/about/board.html	0.1814374880630396
http://www.cloudera.com/content/cloudera/en/about/careers.html	0.1814374880630396
http://www.cloudera.com/content/cloudera/en/about/contact-form.html	0.1814374880630396
http://www.cloudera.com/content/cloudera/en/about/events.html	0.1814374880630396
http://www.cloudera.com/content/cloudera/en/about/hadoop-and-big-data.html	0.1814374880630396
http://www.cloudera.com/content/cloudera/en/about/investors.html	0.1814374880630396
http://www.cloudera.com/content/cloudera/en/about/management.html	0.1814374880630396
http://www.cloudera.com/content/cloudera/en/about/press-center.html	0.1814374880630396
http://www.cloudera.com/content/cloudera/en/home.html	0.16240487936738746
http://www.cloudera.com/content/cloudera/en/our-customers.html	0.1814374880630396
http://www.cloudera.com/content/cloudera/en/partners.html	0.1814374880630396
http://www.cloudera.com/content/cloudera/en/partners/certified-technology.html	0.1814374880630396
http://www.cloudera.com/content/cloudera/en/partners/partner-program.html	0.1814374880630396
http://www.cloudera.com/content/cloudera/en/partners/partners-listing.html	0.1814374880630396
http://www.cloudera.com/content/cloudera/en/privacy-policy.html	0.1814374880630396
http://www.cloudera.com/content/cloudera/en/products-and-services.html	0.1814374880630396
http://www.cloudera.com/content/cloudera/en/products-and-services/cdh.html	0.1814374880630396
http://www.cloudera.com/content/cloudera/en/products-and-services/cloudera-enterprise.html	0.1814374880630396
http://www.cloudera.com/content/cloudera/en/products-and-services/cloudera-enterprise/cloudera-manager.html	0.1814374880630396
http://www.cloudera.com/content/cloudera/en/products-and-services/cloudera-express.html	0.1814374880630396
http://www.cloudera.com/content/cloudera/en/products-and-services/cloudera-live.html	0.1814374880630396
http://www.cloudera.com/content/cloudera/en/products-and-services/cloudera-support.html	0.1814374880630396
http://www.cloudera.com/content/cloudera/en/products-and-services/professional-services.html	0.1814374880630396
http://www.cloudera.com/content/cloudera/en/resources.html	0.1814374880630396
http://www.cloudera.com/content/cloudera/en/resources/library.html	0.1814374880630396
http://www.cloudera.com/content/cloudera/en/resources/library/analystreport/2014-gartner-magic-quadrant-for-data-warehouse-database-manageme.html	0.1814374880630396
http://www.cloudera.com/content/cloudera/en/resources/library/recordedwebinar/building-a-hadoop-data-warehouse-video.html?src=HomePage	0.1814374880630396
http://www.cloudera.com/content/cloudera/en/solutions.html	0.1814374880630396
http://www.cloudera.com/content/cloudera/en/solutions/enterprise-solutions.html	0.1814374880630396
http://www.cloudera.com/content/cloudera/en/solutions/industries.html	0.1814374880630396
http://www.cloudera.com/content/cloudera/en/solutions/partner.html	0.1814374880630396
http://www.cloudera.com/content/cloudera/en/subscription-center.html	0.1814374880630396
http://www.cloudera.com/content/cloudera/en/terms-of-service.html	0.1814374880630396
http://www.cloudera.com/content/cloudera/en/training.html	0.1814374880630396
http://www.cloudera.com/content/cloudera/en/training/courses/big-data-applications-training.html	0.1814374880630396
http://www.cloudera.com/content/cloudera/en/training/roles/administrators.html	0.1814374880630396
http://www.cloudera.com/content/cloudera/en/training/roles/analysts.html	0.1814374880630396
http://www.cloudera.com/content/cloudera/en/training/roles/developers.html	0.1814374880630396
http://www.cloudera.com/content/dev-center/en/home.html	0.1814374880630396
http://www.cloudera.com/content/support/en/downloads.html	0.1814374880630396
http://www.cloudera.com/content/support/en/home.html	0.1814374880630396
http://www.cloudera.com/content/support/en/user-registration.html	0.1814374880630396
http://www.oracle.com/events/global/en/cloudworld/register/index.html	0.18444263680445838
http://www.oracle.com/events/us/en/java8/index.html	0.18444263680445838
http://www.oracle.com/index.html	0.16240487936738746
http://www.oracle.com/javaone/index.html	0.18444263680445838
http://www.oracle.com/openworld/index.html	0.18444263680445838
http://www.oracle.com/openworld/register/index.html?src=OW-OW-CE-OCOMHP-04152014-WWMK11054264MPP001C079	0.18444263680445838
http://www.oracle.com/partners/en/join-now/index.html	0.18444263680445838
http://www.oracle.com/partners/en/most-popular-resources/partner-business-center-1954023.html	0.18444263680445838
http://www.oracle.com/technetwork/community/oracle-ace/index.html	0.18444263680445838
http://www.oracle.com/technetwork/java/index.html	0.18444263680445838
http://www.oracle.com/technetwork/java/javamagazine/index.html	0.18444263680445838
http://www.oracle.com/technetwork/java/javase/downloads/index.html	0.18444263680445838
http://www.oracle.com/us/corporate/blogs/index.html	0.18444263680445838
http://www.oracle.com/us/corporate/careers/index.html	0.18444263680445838
http://www.oracle.com/us/corporate/contact/about-your-account-070507.html	0.18444263680445838
http://www.oracle.com/us/corporate/contact/global-070511.html	0.18444263680445838
http://www.oracle.com/us/corporate/contact/index.html	0.18444263680445838
http://www.oracle.com/us/corporate/customers/customersearch/intuit-1-taleo-ss-2103665.html	0.18444263680445838
http://www.oracle.com/us/corporate/customers/customersearch/nic-1-db-ss-2104590.html	0.18444263680445838
http://www.oracle.com/us/corporate/customers/overview/index.html	1.0026916356602933
http://www.oracle.com/us/corporate/customers/user-groups/index.html	0.18444263680445838
http://www.oracle.com/us/corporate/index.html	0.18444263680445838
http://www.oracle.com/us/corporate/mobile-application/index.html	0.18444263680445838
http://www.oracle.com/us/legal/privacy/overview/index.html	0.18444263680445838
http://www.oracle.com/us/legal/terms/index.html	0.18444263680445838
http://www.oracle.com/us/partnerships/solutions-catalog/specialized-partners/index.html	0.18444263680445838
http://www.oracle.com/us/products/applications/human-capital-management/overview/index.html?intcmp=LZ-HCM-ocomhp-strat	0.18444263680445838
http://www.oracle.com/us/sitemaps/index.html	0.18444263680445838
http://www.oracle.com/us/social-media/facebook/index.html	0.18444263680445838
http://www.oracle.com/us/social-media/linkedin/index.html	0.18444263680445838
http://www.oracle.com/us/social-media/twitter/index.html	0.18444263680445838
http://www.oracle.com/us/solutions/cloud/infrastructure/overview/index.html	0.18444263680445838
http://www.oracle.com/us/solutions/cloud/overview/index.html	0.18444263680445838
http://www.oracle.com/us/solutions/cloud/platform/overview/index.html	0.18444263680445838
http://www.oracle.com/us/support/contact/index.html	0.18444263680445838
http://www.oracle.com/us/support/software/premier/my-oracle-support-068523.html	0.18444263680445838
http://www.oracle.com/us/syndication/feeds/index.html	0.18444263680445838
http://www.oracle.com/us/syndication/subscribe/index.html	0.18444263680445838
http://www.oracle.com/us/technologies/java/overview/index.html	0.18444263680445838
http://www.oracle.com/us/technologies/saas/overview/index.html	0.18444263680445838
http://www.pennathletics.com/ViewArticle.dbml?DB_OEM_ID=1700&ATCLID=209474460	0.18941890461282923
http://www.upenn.edu/	0.16240487936738746
http://www.upenn.edu/about/	1.0033356297180183
http://www.upenn.edu/about/comments.php	0.18941890461282923
http://www.upenn.edu/about/disclaimer.php	0.18941890461282923
http://www.upenn.edu/about/facts.php	0.18941890461282923
http://www.upenn.edu/about/heritage.php	0.18941890461282923
http://www.upenn.edu/about/privacy_policy.php	0.18941890461282923
http://www.upenn.edu/about/social-media/	0.16240487936738746
http://www.upenn.edu/about/trusteesadmin.php	0.18941890461282923
http://www.upenn.edu/admissions/	1.0033356297180183
http://www.upenn.edu/computing/security/copyright.html	0.18941890461282923
http://www.upenn.edu/computing/webmail/	0.18941890461282923
http://www.upenn.edu/directories/	0.18941890461282923
http://www.upenn.edu/highlights/family.php	0.18941890461282923
http://www.upenn.edu/highlights/prospective.php	0.18941890461282923
http://www.upenn.edu/itunes/	0.18941890461282923
http://www.upenn.edu/life-at-penn/	0.16240487936738746
http://www.upenn.edu/life-at-penn/arts.php	0.18941890461282923
http://www.upenn.edu/life-at-penn/community.php	0.18941890461282923
http://www.upenn.edu/life-at-penn/healthcare.php	0.18941890461282923
http://www.upenn.edu/life-at-penn/housing_dining.php	0.18941890461282923
http://www.upenn.edu/life-at-penn/media.php	0.18941890461282923
http://www.upenn.edu/life-at-penn/safety.php	0.18941890461282923
http://www.upenn.edu/life-at-penn/sports.php	0.18941890461282923
http://www.upenn.edu/penna-z/	0.16240487936738746
http://www.upenn.edu/pennnews/	0.18941890461282923
http://www.upenn.edu/pennnews/current/2014-04-17/latest-news/120th-running-penn-relays-open-april-24	0.18941890461282923
http://www.upenn.edu/pennnews/current/calendar	0.18941890461282923
http://www.upenn.edu/programs/	0.16240487936738746
http://www.upenn.edu/programs/academics-schools.php	0.18941890461282923
http://www.upenn.edu/programs/acadsupport.php	0.18941890461282923
http://www.upenn.edu/programs/distance.php	0.18941890461282923
http://www.upenn.edu/programs/graduate.php	0.18941890461282923
http://www.upenn.edu/programs/index.php	0.18941890461282923
http://www.upenn.edu/programs/undergraduate.php	0.18941890461282923
http://www.upenn.edu/programs/working.php	0.18941890461282923
http://www.upenn.edu/researchdir/	1.0033356297180183
http://www.upenn.edu/services/	0.16240487936738746
http://www.upenn.edu/spotlights/	0.16240487936738746
